TN:
SF:src/browser/arc-extension-frontend-module.ts
FN:18,(anonymous_0)
FN:20,(anonymous_1)
FN:27,(anonymous_2)
FN:29,(anonymous_3)
FNF:4
FNH:0
FNDA:0,(anonymous_0)
FNDA:0,(anonymous_1)
FNDA:0,(anonymous_2)
FNDA:0,(anonymous_3)
DA:8,0
DA:9,0
DA:10,0
DA:11,0
DA:12,0
DA:13,0
DA:14,0
DA:16,0
DA:18,0
DA:20,0
DA:21,0
DA:22,0
DA:26,0
DA:27,0
DA:29,0
DA:33,0
LF:16
LH:0
BRF:0
BRH:0
end_of_record
TN:
SF:src/browser/arc-keybinding-contribution.ts
FN:13,(anonymous_2)
FN:25,(anonymous_3)
FN:27,(anonymous_4)
FN:30,(anonymous_5)
FN:33,(anonymous_6)
FN:36,(anonymous_7)
FN:40,(anonymous_8)
FNF:7
FNH:0
FNDA:0,(anonymous_2)
FNDA:0,(anonymous_3)
FNDA:0,(anonymous_4)
FNDA:0,(anonymous_5)
FNDA:0,(anonymous_6)
FNDA:0,(anonymous_7)
FNDA:0,(anonymous_8)
DA:8,0
DA:11,0
DA:13,0
DA:14,0
DA:15,0
DA:16,0
DA:17,0
DA:21,0
DA:23,0
DA:26,0
DA:27,0
DA:29,0
DA:30,0
DA:32,0
DA:33,0
DA:35,0
DA:36,0
DA:41,0
DA:42,0
DA:43,0
DA:44,0
LF:21
LH:0
BRDA:13,0,0,0
BRDA:13,0,1,0
BRF:2
BRH:0
end_of_record
TN:
SF:src/browser/arc-widget-contribution.ts
FN:55,(anonymous_2)
FN:80,(anonymous_3)
FN:82,(anonymous_4)
FN:100,(anonymous_5)
FN:104,(anonymous_6)
FN:109,(anonymous_7)
FN:114,(anonymous_8)
FN:119,(anonymous_9)
FNF:8
FNH:0
FNDA:0,(anonymous_2)
FNDA:0,(anonymous_3)
FNDA:0,(anonymous_4)
FNDA:0,(anonymous_5)
FNDA:0,(anonymous_6)
FNDA:0,(anonymous_7)
FNDA:0,(anonymous_8)
FNDA:0,(anonymous_9)
DA:22,0
DA:23,0
DA:24,0
DA:38,0
DA:44,0
DA:56,0
DA:81,0
DA:82,0
DA:101,0
DA:105,0
DA:106,0
DA:110,0
DA:111,0
DA:115,0
DA:116,0
DA:120,0
DA:121,0
LF:17
LH:0
BRF:0
BRH:0
end_of_record
TN:
SF:src/common/arc-protocol.ts
FN:19,(anonymous_0)
FN:36,(anonymous_1)
FNF:2
FNH:2
FNDA:2,(anonymous_0)
FNDA:18,(anonymous_1)
DA:7,2
DA:12,2
DA:19,2
DA:20,2
DA:21,2
DA:22,2
DA:23,2
DA:24,2
DA:25,2
DA:26,2
DA:27,2
DA:35,2
DA:37,18
DA:39,18
DA:41,18
DA:42,18
DA:44,18
LF:17
LH:17
BRDA:19,0,0,2
BRDA:19,0,1,2
BRF:2
BRH:2
end_of_record
TN:
SF:src/node/arc-backend-service.ts
FN:51,buildChildEnv
FN:65,(anonymous_32)
FN:81,(anonymous_33)
FN:189,(anonymous_34)
FN:216,(anonymous_35)
FN:229,(anonymous_36)
FN:276,(anonymous_37)
FN:301,(anonymous_38)
FN:333,(anonymous_39)
FN:397,(anonymous_40)
FN:425,(anonymous_41)
FN:459,(anonymous_42)
FN:478,(anonymous_43)
FN:485,(anonymous_44)
FN:501,(anonymous_45)
FN:505,(anonymous_46)
FN:511,(anonymous_47)
FN:532,(anonymous_48)
FN:543,(anonymous_49)
FN:549,(anonymous_50)
FN:567,(anonymous_51)
FN:588,(anonymous_52)
FN:596,(anonymous_53)
FN:621,(anonymous_54)
FN:622,(anonymous_55)
FN:658,(anonymous_56)
FN:661,(anonymous_57)
FN:700,(anonymous_58)
FN:746,(anonymous_59)
FN:749,(anonymous_60)
FN:750,(anonymous_61)
FN:756,(anonymous_62)
FN:774,(anonymous_63)
FN:781,(anonymous_64)
FN:784,(anonymous_65)
FN:803,(anonymous_66)
FN:816,(anonymous_67)
FN:834,(anonymous_68)
FN:849,(anonymous_69)
FN:893,(anonymous_70)
FN:932,(anonymous_72)
FN:953,(anonymous_73)
FN:964,(anonymous_74)
FN:1002,(anonymous_75)
FN:1015,(anonymous_76)
FN:1084,(anonymous_77)
FN:1107,(anonymous_78)
FN:1147,(anonymous_79)
FN:1204,(anonymous_80)
FN:1205,(anonymous_81)
FN:1211,(anonymous_82)
FN:1231,(anonymous_83)
FN:1251,(anonymous_84)
FN:1281,(anonymous_85)
FN:1306,(anonymous_86)
FN:1309,(anonymous_87)
FNF:56
FNH:41
FNDA:7,buildChildEnv
FNDA:47,(anonymous_32)
FNDA:8,(anonymous_33)
FNDA:5,(anonymous_34)
FNDA:1,(anonymous_35)
FNDA:13,(anonymous_36)
FNDA:5,(anonymous_37)
FNDA:7,(anonymous_38)
FNDA:9,(anonymous_39)
FNDA:7,(anonymous_40)
FNDA:3,(anonymous_41)
FNDA:0,(anonymous_42)
FNDA:7,(anonymous_43)
FNDA:7,(anonymous_44)
FNDA:0,(anonymous_45)
FNDA:0,(anonymous_46)
FNDA:7,(anonymous_47)
FNDA:0,(anonymous_48)
FNDA:0,(anonymous_49)
FNDA:0,(anonymous_50)
FNDA:8,(anonymous_51)
FNDA:0,(anonymous_52)
FNDA:0,(anonymous_53)
FNDA:0,(anonymous_54)
FNDA:0,(anonymous_55)
FNDA:0,(anonymous_56)
FNDA:0,(anonymous_57)
FNDA:19,(anonymous_58)
FNDA:26,(anonymous_59)
FNDA:34,(anonymous_60)
FNDA:34,(anonymous_61)
FNDA:15,(anonymous_62)
FNDA:12,(anonymous_63)
FNDA:12,(anonymous_64)
FNDA:1,(anonymous_65)
FNDA:23,(anonymous_66)
FNDA:2,(anonymous_67)
FNDA:0,(anonymous_68)
FNDA:3,(anonymous_69)
FNDA:3,(anonymous_70)
FNDA:7,(anonymous_72)
FNDA:3,(anonymous_73)
FNDA:3,(anonymous_74)
FNDA:2,(anonymous_75)
FNDA:7,(anonymous_76)
FNDA:7,(anonymous_77)
FNDA:9,(anonymous_78)
FNDA:2,(anonymous_79)
FNDA:8,(anonymous_80)
FNDA:15,(anonymous_81)
FNDA:2,(anonymous_82)
FNDA:2,(anonymous_83)
FNDA:7,(anonymous_84)
FNDA:2,(anonymous_85)
FNDA:0,(anonymous_86)
FNDA:0,(anonymous_87)
DA:13,1
DA:14,1
DA:27,1
DA:34,1
DA:35,1
DA:36,1
DA:42,1
DA:52,7
DA:53,7
DA:54,84
DA:55,84
DA:57,7
DA:61,1
DA:63,47
DA:66,47
DA:82,8
DA:84,8
DA:86,8
DA:89,2
DA:90,2
DA:91,2
DA:92,2
DA:95,2
DA:96,2
DA:97,2
DA:105,0
DA:109,0
DA:112,0
DA:113,0
DA:116,0
DA:125,0
DA:128,0
DA:131,0
DA:134,0
DA:136,0
DA:137,0
DA:146,0
DA:154,8
DA:156,8
DA:158,8
DA:159,6
DA:162,2
DA:171,0
DA:190,5
DA:191,5
DA:192,5
DA:194,5
DA:195,1
DA:198,4
DA:199,4
DA:201,4
DA:202,5
DA:203,2
DA:206,3
DA:207,3
DA:208,3
DA:209,3
DA:213,4
DA:214,4
DA:216,4
DA:218,0
DA:230,13
DA:231,13
DA:232,13
DA:234,11
DA:236,11
DA:237,2
DA:244,9
DA:245,9
DA:247,9
DA:248,2
DA:255,7
DA:256,7
DA:258,7
DA:260,6
DA:261,4
DA:263,2
DA:277,5
DA:279,4
DA:281,4
DA:282,1
DA:290,3
DA:302,7
DA:303,7
DA:305,7
DA:307,7
DA:308,7
DA:309,7
DA:310,7
DA:313,7
DA:314,7
DA:315,7
DA:316,7
DA:318,7
DA:319,7
DA:321,7
DA:323,0
DA:324,0
DA:325,0
DA:326,0
DA:334,9
DA:335,9
DA:336,9
DA:338,9
DA:339,9
DA:341,7
DA:343,7
DA:344,0
DA:345,0
DA:348,7
DA:349,7
DA:350,7
DA:353,7
DA:354,6
DA:355,1
DA:356,1
DA:360,7
DA:363,7
DA:365,7
DA:366,1
DA:367,1
DA:371,6
DA:372,0
DA:373,0
DA:376,6
DA:377,0
DA:379,6
DA:380,3
DA:382,6
DA:383,0
DA:385,6
DA:386,0
DA:388,6
DA:389,0
DA:391,6
DA:392,0
DA:396,6
DA:397,6
DA:398,7
DA:399,0
DA:401,7
DA:402,0
DA:404,7
DA:405,0
DA:410,6
DA:417,2
DA:418,2
DA:426,3
DA:427,3
DA:429,3
DA:430,3
DA:437,0
DA:438,0
DA:440,0
DA:446,0
DA:460,0
DA:485,7
DA:486,7
DA:494,7
DA:496,7
DA:497,7
DA:498,7
DA:501,7
DA:502,0
DA:505,7
DA:508,0
DA:511,7
DA:512,7
DA:513,7
DA:515,7
DA:516,0
DA:523,7
DA:532,7
DA:533,0
DA:534,0
DA:535,0
DA:543,7
DA:544,0
DA:546,0
DA:549,0
DA:550,0
DA:551,0
DA:555,0
DA:568,8
DA:569,4
DA:576,4
DA:577,2
DA:590,0
DA:591,0
DA:595,0
DA:596,0
DA:597,0
DA:598,0
DA:599,0
DA:601,0
DA:602,0
DA:605,0
DA:606,0
DA:614,0
DA:622,0
DA:623,0
DA:625,0
DA:626,0
DA:627,0
DA:628,0
DA:630,0
DA:631,0
DA:633,0
DA:634,0
DA:636,0
DA:637,0
DA:639,0
DA:640,0
DA:644,0
DA:648,0
DA:652,0
DA:660,0
DA:661,0
DA:662,0
DA:663,0
DA:664,0
DA:665,0
DA:666,0
DA:668,0
DA:669,0
DA:671,0
DA:672,0
DA:681,0
DA:682,0
DA:683,0
DA:686,0
DA:701,19
DA:702,19
DA:704,19
DA:705,1
DA:708,18
DA:711,18
DA:712,15
DA:717,3
DA:720,3
DA:721,3
DA:723,3
DA:724,0
DA:731,3
DA:732,3
DA:736,18
DA:737,18
DA:738,18
DA:740,18
DA:747,26
DA:749,34
DA:750,34
DA:757,15
DA:758,15
DA:760,3
DA:761,3
DA:776,12
DA:779,12
DA:780,12
DA:781,12
DA:782,1
DA:784,1
DA:788,12
DA:804,23
DA:817,2
DA:822,2
DA:823,2
DA:824,2
DA:825,0
DA:828,2
DA:835,0
DA:836,0
DA:837,0
DA:838,0
DA:839,0
DA:842,0
DA:850,3
DA:851,3
DA:853,3
DA:854,7
DA:855,7
DA:856,6
DA:857,6
DA:860,6
DA:861,0
DA:864,1
DA:868,3
DA:869,0
DA:873,3
DA:875,3
DA:894,3
DA:895,3
DA:896,3
DA:898,7
DA:899,2
DA:900,2
DA:902,2
DA:904,2
DA:905,4
DA:906,4
DA:908,4
DA:909,4
DA:910,3
DA:912,1
DA:918,3
DA:919,1
DA:920,1
DA:921,1
DA:933,7
DA:934,7
DA:936,7
DA:937,8
DA:938,8
DA:940,8
DA:941,8
DA:943,1
DA:947,7
DA:954,3
DA:955,6
DA:956,3
DA:958,0
DA:965,3
DA:966,3
DA:967,3
DA:968,3
DA:970,3
DA:971,2
DA:981,0
DA:985,1
DA:986,1
DA:987,1
DA:995,0
DA:1003,2
DA:1004,2
DA:1005,2
DA:1006,0
DA:1007,0
DA:1016,7
DA:1019,7
DA:1020,7
DA:1021,1
DA:1030,7
DA:1031,7
DA:1032,1
DA:1041,7
DA:1047,7
DA:1048,28
DA:1049,0
DA:1055,0
DA:1060,7
DA:1061,5
DA:1062,5
DA:1063,0
DA:1072,7
DA:1085,7
DA:1087,7
DA:1089,7
DA:1091,7
DA:1092,2
DA:1093,2
DA:1094,2
DA:1098,0
DA:1101,7
DA:1108,9
DA:1116,9
DA:1118,9
DA:1120,9
DA:1121,15
DA:1122,3
DA:1123,2
DA:1125,3
DA:1129,12
DA:1131,2
DA:1132,2
DA:1135,9
DA:1148,2
DA:1149,2
DA:1152,2
DA:1153,0
DA:1157,2
DA:1163,2
DA:1164,0
DA:1168,2
DA:1171,2
DA:1176,2
DA:1184,2
DA:1190,2
DA:1197,0
DA:1205,15
DA:1213,2
DA:1214,2
DA:1215,2
DA:1219,0
DA:1220,0
DA:1221,0
DA:1225,0
DA:1232,2
DA:1233,2
DA:1235,2
DA:1236,0
DA:1238,2
DA:1239,1
DA:1241,2
DA:1242,0
DA:1245,2
DA:1252,7
DA:1253,7
DA:1254,7
DA:1261,7
DA:1262,7
DA:1263,0
DA:1268,7
DA:1283,2
DA:1284,2
DA:1285,0
DA:1289,2
DA:1290,2
DA:1293,2
DA:1294,0
DA:1295,0
DA:1296,0
DA:1300,2
DA:1308,0
DA:1309,0
DA:1310,0
DA:1311,0
DA:1312,0
DA:1313,0
DA:1314,0
DA:1315,0
DA:1323,0
DA:1324,0
DA:1325,0
DA:1328,0
LF:434
LH:298
BRDA:55,0,0,35
BRDA:89,1,0,2
BRDA:89,1,1,1
BRDA:89,2,0,1
BRDA:89,2,1,1
BRDA:89,3,0,2
BRDA:89,3,1,2
BRDA:90,4,0,1
BRDA:90,4,1,1
BRDA:90,5,0,2
BRDA:90,5,1,2
BRDA:91,6,0,2
BRDA:91,6,1,1
BRDA:91,7,0,1
BRDA:91,7,1,1
BRDA:91,8,0,2
BRDA:91,8,1,2
BRDA:92,9,0,2
BRDA:92,9,1,2
BRDA:92,10,0,1
BRDA:92,10,1,1
BRDA:92,11,0,2
BRDA:92,11,1,2
BRDA:96,12,0,2
BRDA:128,13,0,0
BRDA:128,13,1,0
BRDA:136,14,0,0
BRDA:156,15,0,8
BRDA:158,16,0,6
BRDA:194,17,0,1
BRDA:202,18,0,2
BRDA:208,19,0,3
BRDA:236,20,0,2
BRDA:247,21,0,2
BRDA:260,22,0,4
BRDA:281,23,0,1
BRDA:343,24,0,0
BRDA:353,25,0,6
BRDA:353,25,1,1
BRDA:355,26,0,1
BRDA:365,27,0,1
BRDA:365,28,0,7
BRDA:365,28,1,1
BRDA:371,29,0,0
BRDA:376,30,0,0
BRDA:379,31,0,3
BRDA:382,32,0,0
BRDA:385,33,0,0
BRDA:388,34,0,0
BRDA:391,35,0,0
BRDA:391,36,0,6
BRDA:391,36,1,6
BRDA:396,37,0,6
BRDA:396,38,0,6
BRDA:396,38,1,6
BRDA:398,39,0,0
BRDA:401,40,0,0
BRDA:404,41,0,0
BRDA:429,42,0,3
BRDA:429,43,0,3
BRDA:429,43,1,0
BRDA:464,44,0,0
BRDA:464,44,1,0
BRDA:465,45,0,0
BRDA:465,45,1,0
BRDA:515,46,0,0
BRDA:515,46,1,7
BRDA:526,47,0,7
BRDA:526,47,1,0
BRDA:526,48,0,7
BRDA:526,48,1,7
BRDA:550,49,0,0
BRDA:568,50,0,4
BRDA:568,51,0,8
BRDA:568,51,1,6
BRDA:568,51,2,6
BRDA:572,52,0,4
BRDA:572,52,1,0
BRDA:576,53,0,2
BRDA:590,54,0,0
BRDA:598,55,0,0
BRDA:601,56,0,0
BRDA:601,57,0,0
BRDA:601,57,1,0
BRDA:605,58,0,0
BRDA:605,59,0,0
BRDA:605,59,1,0
BRDA:626,60,0,0
BRDA:626,60,1,0
BRDA:630,61,0,0
BRDA:633,62,0,0
BRDA:636,63,0,0
BRDA:639,64,0,0
BRDA:652,65,0,0
BRDA:652,65,1,0
BRDA:663,66,0,0
BRDA:665,67,0,0
BRDA:668,68,0,0
BRDA:671,69,0,0
BRDA:671,70,0,0
BRDA:671,70,1,0
BRDA:682,71,0,0
BRDA:682,72,0,0
BRDA:682,72,1,0
BRDA:682,72,2,0
BRDA:704,73,0,1
BRDA:711,74,0,15
BRDA:711,74,1,3
BRDA:723,75,0,0
BRDA:723,76,0,3
BRDA:723,76,1,3
BRDA:723,76,2,3
BRDA:731,77,0,3
BRDA:737,78,0,18
BRDA:737,78,1,4
BRDA:737,79,0,3
BRDA:737,79,1,15
BRDA:737,80,0,18
BRDA:737,80,1,18
BRDA:737,81,0,3
BRDA:737,81,1,15
BRDA:737,82,0,18
BRDA:737,82,1,15
BRDA:776,83,0,12
BRDA:776,83,1,2
BRDA:776,83,2,2
BRDA:776,83,3,2
BRDA:776,83,4,0
BRDA:780,84,0,11
BRDA:780,84,1,1
BRDA:782,85,0,1
BRDA:790,86,0,12
BRDA:790,86,1,10
BRDA:790,86,2,2
BRDA:790,86,3,2
BRDA:791,87,0,12
BRDA:791,87,1,2
BRDA:792,88,0,12
BRDA:792,88,1,2
BRDA:793,89,0,12
BRDA:793,89,1,10
BRDA:793,89,2,2
BRDA:794,90,0,12
BRDA:794,90,1,11
BRDA:794,90,2,10
BRDA:796,91,0,12
BRDA:796,91,1,2
BRDA:805,92,0,23
BRDA:805,92,1,2
BRDA:806,93,0,23
BRDA:806,93,1,3
BRDA:807,94,0,23
BRDA:807,94,1,21
BRDA:807,94,2,2
BRDA:808,95,0,21
BRDA:808,95,1,2
BRDA:808,96,0,23
BRDA:808,96,1,23
BRDA:809,97,0,23
BRDA:809,97,1,0
BRDA:824,98,0,0
BRDA:838,99,0,0
BRDA:851,100,0,3
BRDA:851,100,1,0
BRDA:860,101,0,0
BRDA:860,102,0,6
BRDA:860,102,1,3
BRDA:861,103,0,0
BRDA:861,103,1,0
BRDA:861,103,2,0
BRDA:861,103,3,0
BRDA:861,103,4,0
BRDA:868,104,0,0
BRDA:869,105,0,0
BRDA:869,105,1,0
BRDA:880,106,0,3
BRDA:880,106,1,0
BRDA:880,107,0,0
BRDA:880,107,1,3
BRDA:880,108,0,3
BRDA:880,108,1,3
BRDA:881,109,0,3
BRDA:881,109,1,0
BRDA:881,110,0,0
BRDA:881,110,1,3
BRDA:881,111,0,3
BRDA:881,111,1,3
BRDA:902,112,0,2
BRDA:902,112,1,1
BRDA:906,113,0,0
BRDA:918,114,0,1
BRDA:938,115,0,0
BRDA:955,116,0,3
BRDA:956,117,0,0
BRDA:956,118,0,3
BRDA:956,118,1,3
BRDA:958,119,0,0
BRDA:958,119,1,0
BRDA:970,120,0,2
BRDA:972,121,0,2
BRDA:972,121,1,0
BRDA:974,122,0,2
BRDA:974,122,1,0
BRDA:977,123,0,2
BRDA:977,123,1,0
BRDA:977,124,0,0
BRDA:977,124,1,2
BRDA:977,125,0,2
BRDA:977,125,1,2
BRDA:1003,126,0,0
BRDA:1005,127,0,2
BRDA:1005,128,0,2
BRDA:1005,128,1,0
BRDA:1005,128,2,0
BRDA:1006,129,0,0
BRDA:1006,130,0,0
BRDA:1006,130,1,0
BRDA:1006,130,2,0
BRDA:1020,131,0,1
BRDA:1031,132,0,1
BRDA:1048,133,0,0
BRDA:1060,134,0,5
BRDA:1062,135,0,0
BRDA:1093,136,0,2
BRDA:1121,137,0,3
BRDA:1122,138,0,2
BRDA:1129,139,0,10
BRDA:1152,140,0,0
BRDA:1163,141,0,0
BRDA:1214,142,0,2
BRDA:1220,143,0,0
BRDA:1235,144,0,0
BRDA:1238,145,0,1
BRDA:1241,146,0,0
BRDA:1262,147,0,0
BRDA:1262,148,0,7
BRDA:1262,148,1,0
BRDA:1284,149,0,0
BRDA:1284,150,0,2
BRDA:1284,150,1,0
BRDA:1290,151,0,0
BRDA:1293,152,0,0
BRDA:1295,153,0,0
BRDA:1311,154,0,0
BRDA:1313,155,0,0
BRDA:1314,156,0,0
BRDA:1315,157,0,0
BRDA:1324,158,0,0
BRF:248
BRH:146
end_of_record
TN:
SF:src/node/arc-extension-backend-module.ts
FN:13,(anonymous_0)
FN:18,(anonymous_1)
FN:19,(anonymous_2)
FNF:3
FNH:0
FNDA:0,(anonymous_0)
FNDA:0,(anonymous_1)
FNDA:0,(anonymous_2)
DA:8,0
DA:9,0
DA:10,0
DA:11,0
DA:13,0
DA:15,0
DA:18,0
DA:19,0
DA:20,0
LF:9
LH:0
BRF:0
BRH:0
end_of_record
TN:
SF:src/node/security-utils.ts
FN:13,sanitizePrompt
FN:48,validateTraceId
FN:70,validateFilePath
FN:96,validateBackend
FN:113,sanitizeErrorMessage
FN:143,validateWorkspaceRoot
FNF:6
FNH:6
FNDA:17,sanitizePrompt
FNDA:41,validateTraceId
FNDA:6,validateFilePath
FNDA:13,validateBackend
FNDA:16,sanitizeErrorMessage
FNDA:51,validateWorkspaceRoot
DA:8,2
DA:13,2
DA:14,17
DA:15,4
DA:19,13
DA:20,13
DA:21,1
DA:25,12
DA:28,12
DA:34,12
DA:35,22
DA:36,7
DA:40,5
DA:48,2
DA:49,41
DA:50,3
DA:54,38
DA:55,38
DA:56,11
DA:60,27
DA:61,0
DA:64,27
DA:70,2
DA:71,6
DA:72,2
DA:76,4
DA:77,4
DA:80,4
DA:81,2
DA:85,2
DA:86,1
DA:89,1
DA:96,2
DA:97,13
DA:99,13
DA:100,3
DA:103,10
DA:104,2
DA:107,8
DA:113,2
DA:115,16
DA:117,14
DA:118,1
DA:120,13
DA:121,1
DA:123,12
DA:124,2
DA:126,10
DA:127,2
DA:131,8
DA:132,6
DA:137,4
DA:143,2
DA:144,51
DA:145,3
DA:148,48
DA:151,48
DA:152,0
DA:155,48
LF:59
LH:57
BRDA:14,0,0,4
BRDA:14,1,0,17
BRDA:14,1,1,14
BRDA:20,2,0,1
BRDA:35,3,0,7
BRDA:49,4,0,3
BRDA:49,5,0,41
BRDA:49,5,1,39
BRDA:55,6,0,11
BRDA:60,7,0,0
BRDA:60,8,0,27
BRDA:60,8,1,27
BRDA:60,8,2,27
BRDA:71,9,0,2
BRDA:71,10,0,6
BRDA:71,10,1,4
BRDA:80,11,0,2
BRDA:85,12,0,1
BRDA:99,13,0,3
BRDA:99,14,0,13
BRDA:99,14,1,10
BRDA:103,15,0,2
BRDA:115,16,0,14
BRDA:117,17,0,1
BRDA:120,18,0,1
BRDA:120,19,0,13
BRDA:120,19,1,12
BRDA:123,20,0,2
BRDA:123,21,0,12
BRDA:123,21,1,11
BRDA:126,22,0,2
BRDA:126,23,0,10
BRDA:126,23,1,9
BRDA:131,24,0,6
BRDA:131,25,0,8
BRDA:131,25,1,3
BRDA:144,26,0,3
BRDA:144,27,0,51
BRDA:144,27,1,48
BRDA:151,28,0,0
BRF:40
BRH:38
end_of_record
